<?xml version="1.0" encoding="UTF-8"?>
<!-- Generated by org.testng.reporters.JUnitReportReporter -->
<testsuite hostname="LAPQR-RAJI" name="com.org.TestProject.MavenDemoTest" tests="1" failures="0" timestamp="9 Sep 2015 07:25:39 GMT" time="13.008" errors="0">
  <testcase name="Hello" time="13.008" classname="com.org.TestProject.MavenDemoTest"/>
</testsuite>
