<?xml version="1.0" encoding="UTF-8"?>
<!-- Generated by org.testng.reporters.JUnitReportReporter -->
<testsuite hostname="LAPQR-RAJI" name="com.org.TestProject.MavenDemoTest" tests="1" failures="0" timestamp="15 Sep 2015 19:34:52 GMT" time="5.555" errors="0">
  <testcase name="Hello" time="5.555" classname="com.org.TestProject.MavenDemoTest"/>
</testsuite>
